<?xml version="1.0" encoding="UTF-8"?>
<testsuite xmlns:xsi="http://www.w3.org/2001/XMLSchema-instance" xsi:noNamespaceSchemaLocation="https://maven.apache.org/surefire/maven-surefire-plugin/xsd/surefire-test-report-3.0.xsd" version="3.0" name="TestSuite" time="61.447" tests="6" errors="0" skipped="0" failures="0">
  <properties>
[...]
</properties>
  <testcase name="runScenario[&quot;To check the Creating New customer account page with valid and invalid data&quot;, &quot;Checking User Registration&quot;](1)" classname="com.BunnyCart.TestRunner.CreateNG" time="11.736">
    <system-out><![CDATA[
Scenario Outline: To check the Creating New customer account page with valid and invalid data # src/test/resources/com.BunnyCart.Feature/Login.feature:19
  Given User opens the browser                                                                # com.BunnyCart.StepDefinition.scenario1.user_opens_the_browser()
  And User navigates to the application Url "https://www.bunnycart.com"                       # com.BunnyCart.StepDefinition.scenario1.user_navigates_to_the_application_url(java.lang.String)
  When User clicks the link Create an account                                                 # com.BunnyCart.StepDefinition.scenario1.user_clicks_the_link_create_an_account()
  And User enters the valid 'Ilapanda' in firstname textbox                                   # com.BunnyCart.StepDefinition.scenario1.user_enters_the_valid_in_firstname_textbox(java.lang.String)
  And User enters the valid 'Avinash' in lastname textbox                                     # com.BunnyCart.StepDefinition.scenario1.user_enters_the_valid_in_lastname_textbox(java.lang.String)
  And User enters the invalid 'avi.com' in email textbox                                      # com.BunnyCart.StepDefinition.scenario1.user_enters_the_invalid_in_email_textbox(java.lang.String)
  And User enters the valid 'Avinash@333' in password textbox                                 # com.BunnyCart.StepDefinition.scenario1.user_enters_the_valid_in_password_textbox(java.lang.String)
  And User enters the valid 'Avinash@333' in confirm password textbox                         # com.BunnyCart.StepDefinition.scenario1.user_enters_the_valid_in_confirm_password_textbox(java.lang.String)
  And User enters the valid '9908596390' number                                               # com.BunnyCart.StepDefinition.scenario1.user_enters_the_valid_number(java.lang.String)
  And User clicks Create an account button.                                                   # com.BunnyCart.StepDefinition.scenario1.user_clicks_create_an_account_button()
  Then User verifies the error message displayed under the email textbox                      # com.BunnyCart.StepDefinition.scenario1.user_verifies_the_error_message_displayed_under_the_email_textbox()
  When User re-enters the email with valid data 'avinashilapanda@gmail.com'                   # com.BunnyCart.StepDefinition.scenario1.user_re_enters_the_email_with_valid_data(java.lang.String)
  And User clicks Create an account button.                                                   # com.BunnyCart.StepDefinition.scenario1.user_clicks_create_an_account_button()
  And User closes the browser                                                                 # com.BunnyCart.StepDefinition.scenario1.user_closes_the_browser()
]]></system-out>
    <system-err><![CDATA[SLF4J: Failed to load class "org.slf4j.impl.StaticLoggerBinder".
SLF4J: Defaulting to no-operation (NOP) logger implementation
SLF4J: See http://www.slf4j.org/codes.html#StaticLoggerBinder for further details.
Mar 25, 2025 2:50:06 PM org.openqa.selenium.devtools.CdpVersionFinder findNearestMatch
WARNING: Unable to find an exact match for CDP version 134, returning the closest version; found: 133; Please update to a Selenium version that supports CDP version 134
]]></system-err>
  </testcase>
  <testcase name="runScenario[&quot;To sign in and add a product to cart&quot;, &quot;Unknown&quot;](1)" classname="com.BunnyCart.TestRunner.CreateNG1" time="12.747">
    <system-out><![CDATA[
Scenario: To sign in and add a product to cart                                          # src/test/resources/com.BunnyCart.Feature/Logincart.feature:2
  Given User opens the Browser                                                          # com.BunnyCart.StepDefinition.scenario2.user_opens_the_browser()
  And User navigates to the "https://www.bunnycart.com/aquatic-plants/duckweed" webpage # com.BunnyCart.StepDefinition.scenario2.user_navigates_to_the_webpage(java.lang.String)
  When User clicks on Sign in link                                                      # com.BunnyCart.StepDefinition.scenario2.user_clicks_on_sign_in_link()
2025-03-25T09:20:19.275207600Z main ERROR Log4j API could not find a logging provider.
Email Entered: avinashilapanda@gmail.com
Password Entered: Avinash@333
  And User enters the Sign in credentials                                               # com.BunnyCart.StepDefinition.scenario2.user_enters_the_sign_in_credentials(io.cucumber.datatable.DataTable)
    | bunnycart data.xlsx |
  And User clicks on Sign in button                                                     # com.BunnyCart.StepDefinition.scenario2.user_clicks_on_sign_in_button()
  And User search for a product "aquatic Plants"                                        # com.BunnyCart.StepDefinition.scenario2.user_search_for_a_product(java.lang.String)
  And User select a product                                                             # com.BunnyCart.StepDefinition.scenario2.user_select_a_product()
Error selecting quantity: no such element: Unable to locate element: {"method":"xpath","selector":"//div[@id='option-label-type-200-item-5648']"}
  (Session info: chrome=134.0.6998.118)
For documentation on this error, please visit: https://www.selenium.dev/documentation/webdriver/troubleshooting/errors#no-such-element-exception
Build info: version: '4.29.0', revision: '5fc1ec94cb'
System info: os.name: 'Windows 11', os.arch: 'amd64', os.version: '10.0', java.version: '21.0.6'
Driver info: org.openqa.selenium.chrome.ChromeDriver
Command: [0d2b6e65c8d692e4dfbe956211729ef0, findElement {value=//div[@id='option-label-type-200-item-5648'], using=xpath}]
Capabilities {acceptInsecureCerts: false, browserName: chrome, browserVersion: 134.0.6998.118, chrome: {chromedriverVersion: 134.0.6998.165 (fd886e2cb29..., userDataDir: C:\Users\avina\AppData\Loca...}, fedcm:accounts: true, goog:chromeOptions: {debuggerAddress: localhost:52030}, networkConnectionEnabled: false, pageLoadStrategy: normal, platformName: windows, proxy: Proxy(), se:cdp: ws://localhost:52030/devtoo..., se:cdpVersion: 134.0.6998.118, setWindowRect: true, strictFileInteractability: false, timeouts: {implicit: 0, pageLoad: 300000, script: 30000}, unhandledPromptBehavior: dismiss and notify, webauthn:extension:credBlob: true, webauthn:extension:largeBlob: true, webauthn:extension:minPinLength: true, webauthn:extension:prf: true, webauthn:virtualAuthenticators: true}
Session ID: 0d2b6e65c8d692e4dfbe956211729ef0
  And user selects  quantity of "Pack of 100 Stems"                                     # com.BunnyCart.StepDefinition.scenario2.user_selects_quantity_of(java.lang.String)
Error adding product to cart: no such element: Unable to locate element: {"method":"xpath","selector":"//button[@id='product-addtocart-button']"}
  (Session info: chrome=134.0.6998.118)
For documentation on this error, please visit: https://www.selenium.dev/documentation/webdriver/troubleshooting/errors#no-such-element-exception
Build info: version: '4.29.0', revision: '5fc1ec94cb'
System info: os.name: 'Windows 11', os.arch: 'amd64', os.version: '10.0', java.version: '21.0.6'
Driver info: org.openqa.selenium.chrome.ChromeDriver
Command: [0d2b6e65c8d692e4dfbe956211729ef0, findElement {value=//button[@id='product-addtocart-button'], using=xpath}]
Capabilities {acceptInsecureCerts: false, browserName: chrome, browserVersion: 134.0.6998.118, chrome: {chromedriverVersion: 134.0.6998.165 (fd886e2cb29..., userDataDir: C:\Users\avina\AppData\Loca...}, fedcm:accounts: true, goog:chromeOptions: {debuggerAddress: localhost:52030}, networkConnectionEnabled: false, pageLoadStrategy: normal, platformName: windows, proxy: Proxy(), se:cdp: ws://localhost:52030/devtoo..., se:cdpVersion: 134.0.6998.118, setWindowRect: true, strictFileInteractability: false, timeouts: {implicit: 0, pageLoad: 300000, script: 30000}, unhandledPromptBehavior: dismiss and notify, webauthn:extension:credBlob: true, webauthn:extension:largeBlob: true, webauthn:extension:minPinLength: true, webauthn:extension:prf: true, webauthn:virtualAuthenticators: true}
Session ID: 0d2b6e65c8d692e4dfbe956211729ef0
  And User add a product to cart                                                        # com.BunnyCart.StepDefinition.scenario2.user_add_a_product_to_cart()
  And User verifies the product and close cart                                          # com.BunnyCart.StepDefinition.scenario2.user_verifies_the_product_and_close_cart()
  And User close the browser                                                            # com.BunnyCart.StepDefinition.scenario2.user_close_the_browser()
]]></system-out>
    <system-err><![CDATA[Mar 25, 2025 2:50:15 PM org.openqa.selenium.devtools.CdpVersionFinder findNearestMatch
WARNING: Unable to find an exact match for CDP version 134, returning the closest version; found: 133; Please update to a Selenium version that supports CDP version 134
]]></system-err>
  </testcase>
  <testcase name="runScenario[&quot;To check the signin account page with valid and invalid data&quot;, &quot;Unknown&quot;](1)" classname="com.BunnyCart.TestRunner.CreateNG2" time="12.55">
    <system-out><![CDATA[
Scenario Outline: To check the signin account page with valid and invalid data # src/test/resources/com.BunnyCart.Feature/Signinvalidinvalid.feature:14
  Given User opens the browser                                                 # com.BunnyCart.StepDefinition.scenario1.user_opens_the_browser()
  And User navigates to the application Url "https://www.bunnycart.com"        # com.BunnyCart.StepDefinition.scenario1.user_navigates_to_the_application_url(java.lang.String)
  When User clicks the link homepagesignin an account                          # com.BunnyCart.StepDefinition.scenario3.user_clicks_the_link_homepagesignin_an_account()
  And User enters a invalid 'avinash.com' in email textbox                     # com.BunnyCart.StepDefinition.scenario3.user_enters_a_invalid_in_email_textbox(java.lang.String)
  And User enters a valid 'Avinash@333' in password textbox                    # com.BunnyCart.StepDefinition.scenario3.user_enters_a_valid_in_password_textbox(java.lang.String)
  And User clicks signin  account button.                                      # com.BunnyCart.StepDefinition.scenario3.user_clicks_signin_account_button()
  When User re-enters a email with valid data 'avinashilapanda@gmail.com'      # com.BunnyCart.StepDefinition.scenario3.user_re_enters_a_email_with_valid_data(java.lang.String)
  And User clicks signin button.                                               # com.BunnyCart.StepDefinition.scenario3.user_clicks_signin_button()
  And User closes the browser                                                  # com.BunnyCart.StepDefinition.scenario1.user_closes_the_browser()
]]></system-out>
    <system-err><![CDATA[Mar 25, 2025 2:50:27 PM org.openqa.selenium.devtools.CdpVersionFinder findNearestMatch
WARNING: Unable to find an exact match for CDP version 134, returning the closest version; found: 133; Please update to a Selenium version that supports CDP version 134
]]></system-err>
  </testcase>
  <testcase name="runScenario[&quot;Add Multiple Products to cart&quot;, &quot;Unknown&quot;](1)" classname="com.BunnyCart.TestRunner.CreateNG3" time="0.033">
    <system-out><![CDATA[
Scenario: Add Multiple Products to cart # src/test/resources/com.BunnyCart.Feature/Multiproducts.feature:2
]]></system-out>
  </testcase>
  <testcase name="runScenario[&quot;To sign in and add a product to cart&quot;, &quot;Unknown&quot;](2)" classname="com.BunnyCart.TestRunner.CreateNG3" time="10.022">
    <system-out><![CDATA[
Scenario: To sign in and add a product to cart                                          # src/test/resources/com.BunnyCart.Feature/Multiproducts.feature:3
  Given User opens the Browser                                                          # com.BunnyCart.StepDefinition.scenario2.user_opens_the_browser()
  And User navigates to the "https://www.bunnycart.com/aquatic-plants/duckweed" webpage # com.BunnyCart.StepDefinition.scenario2.user_navigates_to_the_webpage(java.lang.String)
  When User clicks on Sign in link                                                      # com.BunnyCart.StepDefinition.scenario2.user_clicks_on_sign_in_link()
Email Entered: avinashilapanda@gmail.com
Password Entered: Avinash@333
  And User enters the Sign in credentials                                               # com.BunnyCart.StepDefinition.scenario2.user_enters_the_sign_in_credentials(io.cucumber.datatable.DataTable)
    | bunnycart data.xlsx |
  And User clicks on Sign in button                                                     # com.BunnyCart.StepDefinition.scenario2.user_clicks_on_sign_in_button()
  And User search for a product "aquatic Plants"                                        # com.BunnyCart.StepDefinition.scenario2.user_search_for_a_product(java.lang.String)
  And User select a product                                                             # com.BunnyCart.StepDefinition.scenario2.user_select_a_product()
Error selecting quantity: no such element: Unable to locate element: {"method":"xpath","selector":"//div[@id='option-label-type-200-item-5648']"}
  (Session info: chrome=134.0.6998.118)
For documentation on this error, please visit: https://www.selenium.dev/documentation/webdriver/troubleshooting/errors#no-such-element-exception
Build info: version: '4.29.0', revision: '5fc1ec94cb'
System info: os.name: 'Windows 11', os.arch: 'amd64', os.version: '10.0', java.version: '21.0.6'
Driver info: org.openqa.selenium.chrome.ChromeDriver
Command: [aeb8d69a38dc3225ece1be72e3b54395, findElement {value=//div[@id='option-label-type-200-item-5648'], using=xpath}]
Capabilities {acceptInsecureCerts: false, browserName: chrome, browserVersion: 134.0.6998.118, chrome: {chromedriverVersion: 134.0.6998.165 (fd886e2cb29..., userDataDir: C:\Users\avina\AppData\Loca...}, fedcm:accounts: true, goog:chromeOptions: {debuggerAddress: localhost:52147}, networkConnectionEnabled: false, pageLoadStrategy: normal, platformName: windows, proxy: Proxy(), se:cdp: ws://localhost:52147/devtoo..., se:cdpVersion: 134.0.6998.118, setWindowRect: true, strictFileInteractability: false, timeouts: {implicit: 0, pageLoad: 300000, script: 30000}, unhandledPromptBehavior: dismiss and notify, webauthn:extension:credBlob: true, webauthn:extension:largeBlob: true, webauthn:extension:minPinLength: true, webauthn:extension:prf: true, webauthn:virtualAuthenticators: true}
Session ID: aeb8d69a38dc3225ece1be72e3b54395
  And user selects  quantity of "Pack of 100 Stems"                                     # com.BunnyCart.StepDefinition.scenario2.user_selects_quantity_of(java.lang.String)
Error adding product to cart: no such element: Unable to locate element: {"method":"xpath","selector":"//button[@id='product-addtocart-button']"}
  (Session info: chrome=134.0.6998.118)
For documentation on this error, please visit: https://www.selenium.dev/documentation/webdriver/troubleshooting/errors#no-such-element-exception
Build info: version: '4.29.0', revision: '5fc1ec94cb'
System info: os.name: 'Windows 11', os.arch: 'amd64', os.version: '10.0', java.version: '21.0.6'
Driver info: org.openqa.selenium.chrome.ChromeDriver
Command: [aeb8d69a38dc3225ece1be72e3b54395, findElement {value=//button[@id='product-addtocart-button'], using=xpath}]
Capabilities {acceptInsecureCerts: false, browserName: chrome, browserVersion: 134.0.6998.118, chrome: {chromedriverVersion: 134.0.6998.165 (fd886e2cb29..., userDataDir: C:\Users\avina\AppData\Loca...}, fedcm:accounts: true, goog:chromeOptions: {debuggerAddress: localhost:52147}, networkConnectionEnabled: false, pageLoadStrategy: normal, platformName: windows, proxy: Proxy(), se:cdp: ws://localhost:52147/devtoo..., se:cdpVersion: 134.0.6998.118, setWindowRect: true, strictFileInteractability: false, timeouts: {implicit: 0, pageLoad: 300000, script: 30000}, unhandledPromptBehavior: dismiss and notify, webauthn:extension:credBlob: true, webauthn:extension:largeBlob: true, webauthn:extension:minPinLength: true, webauthn:extension:prf: true, webauthn:virtualAuthenticators: true}
Session ID: aeb8d69a38dc3225ece1be72e3b54395
  And User add a product to cart                                                        # com.BunnyCart.StepDefinition.scenario2.user_add_a_product_to_cart()
  When User Search for product2 "Money Plant" in search textbox                         # com.BunnyCart.StepDefinition.scenario4.user_search_for_product2_in_search_textbox(java.lang.String)
Error selecting quantity: no such element: Unable to locate element: {"method":"xpath","selector":"//div[@id='option-label-type-200-item-5466']"}
  (Session info: chrome=134.0.6998.118)
For documentation on this error, please visit: https://www.selenium.dev/documentation/webdriver/troubleshooting/errors#no-such-element-exception
Build info: version: '4.29.0', revision: '5fc1ec94cb'
System info: os.name: 'Windows 11', os.arch: 'amd64', os.version: '10.0', java.version: '21.0.6'
Driver info: org.openqa.selenium.chrome.ChromeDriver
Command: [aeb8d69a38dc3225ece1be72e3b54395, findElement {value=//div[@id='option-label-type-200-item-5466'], using=xpath}]
Capabilities {acceptInsecureCerts: false, browserName: chrome, browserVersion: 134.0.6998.118, chrome: {chromedriverVersion: 134.0.6998.165 (fd886e2cb29..., userDataDir: C:\Users\avina\AppData\Loca...}, fedcm:accounts: true, goog:chromeOptions: {debuggerAddress: localhost:52147}, networkConnectionEnabled: false, pageLoadStrategy: normal, platformName: windows, proxy: Proxy(), se:cdp: ws://localhost:52147/devtoo..., se:cdpVersion: 134.0.6998.118, setWindowRect: true, strictFileInteractability: false, timeouts: {implicit: 0, pageLoad: 300000, script: 30000}, unhandledPromptBehavior: dismiss and notify, webauthn:extension:credBlob: true, webauthn:extension:largeBlob: true, webauthn:extension:minPinLength: true, webauthn:extension:prf: true, webauthn:virtualAuthenticators: true}
Session ID: aeb8d69a38dc3225ece1be72e3b54395
  And User click type of the product2                                                   # com.BunnyCart.StepDefinition.scenario4.user_click_type_of_the_product2()
Error adding product to cart: no such element: Unable to locate element: {"method":"xpath","selector":"//button[@id='product-addtocart-button']"}
  (Session info: chrome=134.0.6998.118)
For documentation on this error, please visit: https://www.selenium.dev/documentation/webdriver/troubleshooting/errors#no-such-element-exception
Build info: version: '4.29.0', revision: '5fc1ec94cb'
System info: os.name: 'Windows 11', os.arch: 'amd64', os.version: '10.0', java.version: '21.0.6'
Driver info: org.openqa.selenium.chrome.ChromeDriver
Command: [aeb8d69a38dc3225ece1be72e3b54395, findElement {value=//button[@id='product-addtocart-button'], using=xpath}]
Capabilities {acceptInsecureCerts: false, browserName: chrome, browserVersion: 134.0.6998.118, chrome: {chromedriverVersion: 134.0.6998.165 (fd886e2cb29..., userDataDir: C:\Users\avina\AppData\Loca...}, fedcm:accounts: true, goog:chromeOptions: {debuggerAddress: localhost:52147}, networkConnectionEnabled: false, pageLoadStrategy: normal, platformName: windows, proxy: Proxy(), se:cdp: ws://localhost:52147/devtoo..., se:cdpVersion: 134.0.6998.118, setWindowRect: true, strictFileInteractability: false, timeouts: {implicit: 0, pageLoad: 300000, script: 30000}, unhandledPromptBehavior: dismiss and notify, webauthn:extension:credBlob: true, webauthn:extension:largeBlob: true, webauthn:extension:minPinLength: true, webauthn:extension:prf: true, webauthn:virtualAuthenticators: true}
Session ID: aeb8d69a38dc3225ece1be72e3b54395
  And User click on Add to cart for product2                                            # com.BunnyCart.StepDefinition.scenario4.user_click_on_add_to_cart_for_product2()
  And User verifies the products and close cart                                         # com.BunnyCart.StepDefinition.scenario4.user_verifies_the_products_and_close_cart()
  And User close the browser                                                            # com.BunnyCart.StepDefinition.scenario2.user_close_the_browser()
]]></system-out>
    <system-err><![CDATA[Mar 25, 2025 2:50:40 PM org.openqa.selenium.devtools.CdpVersionFinder findNearestMatch
WARNING: Unable to find an exact match for CDP version 134, returning the closest version; found: 133; Please update to a Selenium version that supports CDP version 134
]]></system-err>
  </testcase>
  <testcase name="runScenario[&quot;To sign and Signout&quot;, &quot;Unknown&quot;](1)" classname="com.BunnyCart.TestRunner.CreateNG4" time="11.398">
    <system-out><![CDATA[
Scenario: To sign and Signout                                           # src/test/resources/com.BunnyCart.Feature/Signout.feature:2
  Given User opens the browser                                          # com.BunnyCart.StepDefinition.scenario1.user_opens_the_browser()
  And User navigates to the application Url "https://www.bunnycart.com" # com.BunnyCart.StepDefinition.scenario1.user_navigates_to_the_application_url(java.lang.String)
  When User clicks on Sign in link                                      # com.BunnyCart.StepDefinition.scenario2.user_clicks_on_sign_in_link()
Email Entered: avinashilapanda@gmail.com
Password Entered: Avinash@333
  And User enters the Sign in credentials                               # com.BunnyCart.StepDefinition.scenario2.user_enters_the_sign_in_credentials(io.cucumber.datatable.DataTable)
    | bunnycart data.xlsx |
  And User clicks on Sign in button                                     # com.BunnyCart.StepDefinition.scenario2.user_clicks_on_sign_in_button()
  And User clicks on signout button                                     # com.BunnyCart.StepDefinition.scenario5.user_clicks_on_signout_button()
  And User close the browser                                            # com.BunnyCart.StepDefinition.scenario2.user_close_the_browser()
]]></system-out>
    <system-err><![CDATA[Mar 25, 2025 2:50:50 PM org.openqa.selenium.devtools.CdpVersionFinder findNearestMatch
WARNING: Unable to find an exact match for CDP version 134, returning the closest version; found: 133; Please update to a Selenium version that supports CDP version 134
]]></system-err>
  </testcase>
</testsuite>