<?xml version="1.0" encoding="UTF-8"?>
<testng-results ignored="0" total="1" passed="1" failed="0" skipped="0">
  <reporter-output>
  </reporter-output>
  <suite started-at="2025-03-24T16:50:51 IST" name="Default suite" finished-at="2025-03-24T16:51:10 IST" duration-ms="19083">
    <groups>
      <group name="cucumber">
        <method signature="AbstractTestNGCucumberTests.runScenario(io.cucumber.testng.PickleWrapper,io.cucumber.testng.FeatureWrapper)[pri:0, instance:com.BunnyCart.TestRunner.CreateNG1@54e041a4]" name="runScenario" class="io.cucumber.testng.AbstractTestNGCucumberTests"/>
      </group> <!-- cucumber -->
    </groups>
    <test started-at="2025-03-24T16:50:51 IST" name="Default test" finished-at="2025-03-24T16:51:10 IST" duration-ms="19083">
      <class name="com.BunnyCart.TestRunner.CreateNG1">
        <test-method is-config="true" signature="setUpClass(org.testng.ITestContext)[pri:0, instance:com.BunnyCart.TestRunner.CreateNG1@54e041a4]" started-at="2025-03-24T16:50:51 IST" name="setUpClass" finished-at="2025-03-24T16:50:52 IST" duration-ms="394" status="PASS">
          <params>
            <param index="0">
              <value>
                <![CDATA[org.testng.TestRunner@49ced9c7]]>
              </value>
            </param>
          </params>
          <reporter-output>
          </reporter-output>
        </test-method> <!-- setUpClass -->
        <test-method signature="runScenario(io.cucumber.testng.PickleWrapper,io.cucumber.testng.FeatureWrapper)[pri:0, instance:com.BunnyCart.TestRunner.CreateNG1@54e041a4]" started-at="2025-03-24T16:50:52 IST" name="runScenario" description="Runs Cucumber Scenarios" data-provider="scenarios" finished-at="2025-03-24T16:51:10 IST" duration-ms="18502" status="PASS">
          <params>
            <param index="0">
              <value>
                <![CDATA["To sign in and add a product to cart"]]>
              </value>
            </param>
            <param index="1">
              <value>
                <![CDATA["Unknown"]]>
              </value>
            </param>
          </params>
          <reporter-output>
          </reporter-output>
        </test-method> <!-- runScenario -->
        <test-method is-config="true" signature="tearDownClass()[pri:0, instance:com.BunnyCart.TestRunner.CreateNG1@54e041a4]" started-at="2025-03-24T16:51:10 IST" name="tearDownClass" finished-at="2025-03-24T16:51:10 IST" duration-ms="26" status="PASS">
          <reporter-output>
          </reporter-output>
        </test-method> <!-- tearDownClass -->
      </class> <!-- com.BunnyCart.TestRunner.CreateNG1 -->
    </test> <!-- Default test -->
  </suite> <!-- Default suite -->
</testng-results>
